<?xml version="1.0" encoding="UTF-8"?>
<!-- Generated by org.testng.reporters.JUnitXMLReporter -->
<testsuite hostname="LAPTOP-FVI7LF5I" ignored="0" name="Test" tests="4" failures="0" timestamp="2020-11-24T11:23:07 IST" time="0.06" errors="0">
  <testcase name="BrowserAutomation" time="0.021" classname="qaclickacademy.Maven.java.SeleniumTest"/>
  <testcase name="elementsUi" time="0.001" classname="qaclickacademy.Maven.java.SeleniumTest"/>
  <testcase name="IOSApps" time="0.001" classname="qaclickacademy.Maven.java.AppiumTest"/>
  <testcase name="NativeAppAndroid" time="0.002" classname="qaclickacademy.Maven.java.AppiumTest"/>
</testsuite> <!-- Test -->
