<?xml version="1.0" encoding="UTF-8"?>
<!-- Generated by org.testng.reporters.JUnitXMLReporter -->
<testsuite hostname="LAPTOP-FVI7LF5I" ignored="0" name="Test" tests="6" failures="0" timestamp="05 Dec 2020 13:20:29 GMT" time="0.077" errors="0">
  <testcase name="BrowserAutomation" time="0.02" classname="qaclickacademy.Maven.java.SeleniumTest"/>
  <testcase name="elementsUi" time="0.0" classname="qaclickacademy.Maven.java.SeleniumTest"/>
  <testcase name="IOSApps" time="0.0" classname="qaclickacademy.Maven.java.AppiumTest"/>
  <testcase name="NativeAppAndroid" time="0.0" classname="qaclickacademy.Maven.java.AppiumTest"/>
  <testcase name="PostZira" time="0.0" classname="qaclickacademy.Maven.java.RESTAPITest"/>
  <testcase name="deleteTwitter" time="0.0" classname="qaclickacademy.Maven.java.RESTAPITest"/>
</testsuite> <!-- Test -->
